$ ./lddtree /bin/vim | head -n 1000 | less > lddtree-bin-vim-head-1000.log
============================= .ResolvIndent() =============================
/bin/vim
./usr/lib/libgtk-3.so.0.2404.3
../usr/lib/libgdk-3.so.0.2404.3
.../usr/lib/libpangocairo-1.0.so.0.4300.0
..../usr/lib/libc-2.28.so
...../usr/lib/ld-2.28.so
..../usr/lib/libpango-1.0.so.0.4300.0
...../usr/lib/libc-2.28.so
....../usr/lib/ld-2.28.so
...../usr/lib/libm-2.28.so
....../usr/lib/libc-2.28.so
......./usr/lib/ld-2.28.so
....../usr/lib/ld-2.28.so
...../usr/lib/libglib-2.0.so.0.6000.0
....../usr/lib/libpthread-2.28.so
......./usr/lib/libc-2.28.so
......../usr/lib/ld-2.28.so
......./usr/lib/ld-2.28.so
....../usr/lib/libc-2.28.so
......./usr/lib/ld-2.28.so
....../usr/lib/libpcre.so.1.2.11
......./usr/lib/libpthread-2.28.so
......../usr/lib/libc-2.28.so
........./usr/lib/ld-2.28.so
......../usr/lib/ld-2.28.so
......./usr/lib/libc-2.28.so
......../usr/lib/ld-2.28.so
...../usr/lib/libgobject-2.0.so.0.6000.0
....../usr/lib/libpthread-2.28.so
......./usr/lib/libc-2.28.so
......../usr/lib/ld-2.28.so
......./usr/lib/ld-2.28.so
....../usr/lib/libc-2.28.so
......./usr/lib/ld-2.28.so
....../usr/lib/libglib-2.0.so.0.6000.0
......./usr/lib/libpthread-2.28.so
......../usr/lib/libc-2.28.so
........./usr/lib/ld-2.28.so
......../usr/lib/ld-2.28.so
......./usr/lib/libc-2.28.so
......../usr/lib/ld-2.28.so
......./usr/lib/libpcre.so.1.2.11
......../usr/lib/libpthread-2.28.so
........./usr/lib/libc-2.28.so
........../usr/lib/ld-2.28.so
........./usr/lib/ld-2.28.so
......../usr/lib/libc-2.28.so
........./usr/lib/ld-2.28.so
....../usr/lib/libffi.so.6.0.4
......./usr/lib/libc-2.28.so
......../usr/lib/ld-2.28.so
...../usr/lib/libfribidi.so.0.4.0
....../usr/lib/libc-2.28.so
......./usr/lib/ld-2.28.so
...../usr/lib/libthai.so.0.3.1
....../usr/lib/libdatrie.so.1.3.5
......./usr/lib/libc-2.28.so
......../usr/lib/ld-2.28.so
....../usr/lib/libc-2.28.so
......./usr/lib/ld-2.28.so
..../usr/lib/libpangoft2-1.0.so.0.4300.0
...../usr/lib/libc-2.28.so
....../usr/lib/ld-2.28.so
...../usr/lib/libpango-1.0.so.0.4300.0
....../usr/lib/libc-2.28.so
......./usr/lib/ld-2.28.so
....../usr/lib/libm-2.28.so
......./usr/lib/libc-2.28.so
......../usr/lib/ld-2.28.so
......./usr/lib/ld-2.28.so
....../usr/lib/libglib-2.0.so.0.6000.0
......./usr/lib/libpthread-2.28.so
......../usr/lib/libc-2.28.so
........./usr/lib/ld-2.28.so
......../usr/lib/ld-2.28.so
......./usr/lib/libc-2.28.so
......../usr/lib/ld-2.28.so
......./usr/lib/libpcre.so.1.2.11
......../usr/lib/libpthread-2.28.so
........./usr/lib/libc-2.28.so
........../usr/lib/ld-2.28.so
........./usr/lib/ld-2.28.so
......../usr/lib/libc-2.28.so
........./usr/lib/ld-2.28.so
....../usr/lib/libgobject-2.0.so.0.6000.0
......./usr/lib/libpthread-2.28.so
......../usr/lib/libc-2.28.so
........./usr/lib/ld-2.28.so
......../usr/lib/ld-2.28.so
......./usr/lib/libc-2.28.so
......../usr/lib/ld-2.28.so
......./usr/lib/libglib-2.0.so.0.6000.0
......../usr/lib/libpthread-2.28.so
........./usr/lib/libc-2.28.so
........../usr/lib/ld-2.28.so
........./usr/lib/ld-2.28.so
......../usr/lib/libc-2.28.so
........./usr/lib/ld-2.28.so
......../usr/lib/libpcre.so.1.2.11
........./usr/lib/libpthread-2.28.so
........../usr/lib/libc-2.28.so
.........../usr/lib/ld-2.28.so
........../usr/lib/ld-2.28.so
........./usr/lib/libc-2.28.so
........../usr/lib/ld-2.28.so
......./usr/lib/libffi.so.6.0.4
......../usr/lib/libc-2.28.so
........./usr/lib/ld-2.28.so
....../usr/lib/libfribidi.so.0.4.0
......./usr/lib/libc-2.28.so
......../usr/lib/ld-2.28.so
....../usr/lib/libthai.so.0.3.1
......./usr/lib/libdatrie.so.1.3.5
......../usr/lib/libc-2.28.so
........./usr/lib/ld-2.28.so
......./usr/lib/libc-2.28.so
......../usr/lib/ld-2.28.so
...../usr/lib/libglib-2.0.so.0.6000.0
....../usr/lib/libpthread-2.28.so
......./usr/lib/libc-2.28.so
......../usr/lib/ld-2.28.so
......./usr/lib/ld-2.28.so
....../usr/lib/libc-2.28.so
......./usr/lib/ld-2.28.so
....../usr/lib/libpcre.so.1.2.11
......./usr/lib/libpthread-2.28.so
......../usr/lib/libc-2.28.so
........./usr/lib/ld-2.28.so
......../usr/lib/ld-2.28.so
......./usr/lib/libc-2.28.so
......../usr/lib/ld-2.28.so
...../usr/lib/libgobject-2.0.so.0.6000.0
....../usr/lib/libpthread-2.28.so
......./usr/lib/libc-2.28.so
......../usr/lib/ld-2.28.so
......./usr/lib/ld-2.28.so
....../usr/lib/libc-2.28.so
......./usr/lib/ld-2.28.so
....../usr/lib/libglib-2.0.so.0.6000.0
......./usr/lib/libpthread-2.28.so
......../usr/lib/libc-2.28.so
........./usr/lib/ld-2.28.so
......../usr/lib/ld-2.28.so
......./usr/lib/libc-2.28.so
......../usr/lib/ld-2.28.so
......./usr/lib/libpcre.so.1.2.11
......../usr/lib/libpthread-2.28.so
........./usr/lib/libc-2.28.so
........../usr/lib/ld-2.28.so
........./usr/lib/ld-2.28.so
......../usr/lib/libc-2.28.so
........./usr/lib/ld-2.28.so
....../usr/lib/libffi.so.6.0.4
......./usr/lib/libc-2.28.so
......../usr/lib/ld-2.28.so
...../usr/lib/libharfbuzz.so.0.20301.0
....../usr/lib/libm-2.28.so
......./usr/lib/libc-2.28.so
......../usr/lib/ld-2.28.so
......./usr/lib/ld-2.28.so
....../usr/lib/libglib-2.0.so.0.6000.0
......./usr/lib/libpthread-2.28.so
......../usr/lib/libc-2.28.so
........./usr/lib/ld-2.28.so
......../usr/lib/ld-2.28.so
......./usr/lib/libc-2.28.so
......../usr/lib/ld-2.28.so
......./usr/lib/libpcre.so.1.2.11
......../usr/lib/libpthread-2.28.so
........./usr/lib/libc-2.28.so
........../usr/lib/ld-2.28.so
........./usr/lib/ld-2.28.so
......../usr/lib/libc-2.28.so
........./usr/lib/ld-2.28.so
....../usr/lib/libfreetype.so.6.17.0
......./usr/lib/libbz2.so.1.0.6
......../usr/lib/libc-2.28.so
........./usr/lib/ld-2.28.so
......./usr/lib/libpng16.so.16.36.0
......../usr/lib/libz.so.1.2.11
........./usr/lib/libc-2.28.so
........../usr/lib/ld-2.28.so
......../usr/lib/libm-2.28.so
........./usr/lib/libc-2.28.so
........../usr/lib/ld-2.28.so
........./usr/lib/ld-2.28.so
......../usr/lib/libc-2.28.so
........./usr/lib/ld-2.28.so
......./usr/lib/libz.so.1.2.11
......../usr/lib/libc-2.28.so
........./usr/lib/ld-2.28.so
......./usr/lib/libharfbuzz.so.0.20301.0
......../usr/lib/libm-2.28.so
........./usr/lib/libc-2.28.so
........../usr/lib/ld-2.28.so
........./usr/lib/ld-2.28.so
......../usr/lib/libglib-2.0.so.0.6000.0
........./usr/lib/libpthread-2.28.so
........../usr/lib/libc-2.28.so
.........../usr/lib/ld-2.28.so
........../usr/lib/ld-2.28.so
........./usr/lib/libc-2.28.so
........../usr/lib/ld-2.28.so
........./usr/lib/libpcre.so.1.2.11
........../usr/lib/libpthread-2.28.so
.........../usr/lib/libc-2.28.so
............/usr/lib/ld-2.28.so
.........../usr/lib/ld-2.28.so
........../usr/lib/libc-2.28.so
.........../usr/lib/ld-2.28.so
......../usr/lib/libfreetype.so.6.17.0
........./usr/lib/libbz2.so.1.0.6
........../usr/lib/libc-2.28.so
.........../usr/lib/ld-2.28.so
........./usr/lib/libpng16.so.16.36.0
........../usr/lib/libz.so.1.2.11
.........../usr/lib/libc-2.28.so
............/usr/lib/ld-2.28.so
........../usr/lib/libm-2.28.so
.........../usr/lib/libc-2.28.so
............/usr/lib/ld-2.28.so
.........../usr/lib/ld-2.28.so
........../usr/lib/libc-2.28.so
.........../usr/lib/ld-2.28.so
........./usr/lib/libz.so.1.2.11
........../usr/lib/libc-2.28.so
.........../usr/lib/ld-2.28.so
........./usr/lib/libharfbuzz.so.0.20301.0
........../usr/lib/libm-2.28.so
.........../usr/lib/libc-2.28.so
............/usr/lib/ld-2.28.so
.........../usr/lib/ld-2.28.so
........../usr/lib/libglib-2.0.so.0.6000.0
.........../usr/lib/libpthread-2.28.so
............/usr/lib/libc-2.28.so
............./usr/lib/ld-2.28.so
............/usr/lib/ld-2.28.so
.........../usr/lib/libc-2.28.so
............/usr/lib/ld-2.28.so
.........../usr/lib/libpcre.so.1.2.11
............/usr/lib/libpthread-2.28.so
............./usr/lib/libc-2.28.so
............../usr/lib/ld-2.28.so
............./usr/lib/ld-2.28.so
............/usr/lib/libc-2.28.so
............./usr/lib/ld-2.28.so
........../usr/lib/libfreetype.so.6.17.0
.........../usr/lib/libbz2.so.1.0.6
............/usr/lib/libc-2.28.so
............./usr/lib/ld-2.28.so
.........../usr/lib/libpng16.so.16.36.0
............/usr/lib/libz.so.1.2.11
............./usr/lib/libc-2.28.so
............../usr/lib/ld-2.28.so
............/usr/lib/libm-2.28.so
............./usr/lib/libc-2.28.so
............../usr/lib/ld-2.28.so
............./usr/lib/ld-2.28.so
............/usr/lib/libc-2.28.so
............./usr/lib/ld-2.28.so
.........../usr/lib/libz.so.1.2.11
............/usr/lib/libc-2.28.so
............./usr/lib/ld-2.28.so
.........../usr/lib/libharfbuzz.so.0.20301.0
............/usr/lib/libm-2.28.so
............./usr/lib/libc-2.28.so
............../usr/lib/ld-2.28.so
............./usr/lib/ld-2.28.so
............/usr/lib/libglib-2.0.so.0.6000.0
............./usr/lib/libpthread-2.28.so
............../usr/lib/libc-2.28.so
.............../usr/lib/ld-2.28.so
............../usr/lib/ld-2.28.so
............./usr/lib/libc-2.28.so
............../usr/lib/ld-2.28.so
............./usr/lib/libpcre.so.1.2.11
............../usr/lib/libpthread-2.28.so
.............../usr/lib/libc-2.28.so
................/usr/lib/ld-2.28.so
.............../usr/lib/ld-2.28.so
............../usr/lib/libc-2.28.so
.............../usr/lib/ld-2.28.so
............/usr/lib/libfreetype.so.6.17.0
............./usr/lib/libbz2.so.1.0.6
............../usr/lib/libc-2.28.so
.............../usr/lib/ld-2.28.so
............./usr/lib/libpng16.so.16.36.0
............../usr/lib/libz.so.1.2.11
.............../usr/lib/libc-2.28.so
................/usr/lib/ld-2.28.so
............../usr/lib/libm-2.28.so
.............../usr/lib/libc-2.28.so
................/usr/lib/ld-2.28.so
.............../usr/lib/ld-2.28.so
............../usr/lib/libc-2.28.so
.............../usr/lib/ld-2.28.so
............./usr/lib/libz.so.1.2.11
............../usr/lib/libc-2.28.so
.............../usr/lib/ld-2.28.so
............./usr/lib/libharfbuzz.so.0.20301.0
............../usr/lib/libm-2.28.so
.............../usr/lib/libc-2.28.so
................/usr/lib/ld-2.28.so
.............../usr/lib/ld-2.28.so
............../usr/lib/libglib-2.0.so.0.6000.0
.............../usr/lib/libpthread-2.28.so
................/usr/lib/libc-2.28.so
................./usr/lib/ld-2.28.so
................/usr/lib/ld-2.28.so
.............../usr/lib/libc-2.28.so
................/usr/lib/ld-2.28.so
.............../usr/lib/libpcre.so.1.2.11
................/usr/lib/libpthread-2.28.so
................./usr/lib/libc-2.28.so
................../usr/lib/ld-2.28.so
................./usr/lib/ld-2.28.so
................/usr/lib/libc-2.28.so
................./usr/lib/ld-2.28.so
............../usr/lib/libfreetype.so.6.17.0
.............../usr/lib/libbz2.so.1.0.6
................/usr/lib/libc-2.28.so
................./usr/lib/ld-2.28.so
.............../usr/lib/libpng16.so.16.36.0
................/usr/lib/libz.so.1.2.11
................./usr/lib/libc-2.28.so
................../usr/lib/ld-2.28.so
................/usr/lib/libm-2.28.so
................./usr/lib/libc-2.28.so
................../usr/lib/ld-2.28.so
................./usr/lib/ld-2.28.so
................/usr/lib/libc-2.28.so
................./usr/lib/ld-2.28.so
.............../usr/lib/libz.so.1.2.11
................/usr/lib/libc-2.28.so
................./usr/lib/ld-2.28.so
.............../usr/lib/libharfbuzz.so.0.20301.0
................/usr/lib/libm-2.28.so
................./usr/lib/libc-2.28.so
................../usr/lib/ld-2.28.so
................./usr/lib/ld-2.28.so
................/usr/lib/libglib-2.0.so.0.6000.0
................./usr/lib/libpthread-2.28.so
................../usr/lib/libc-2.28.so
.................../usr/lib/ld-2.28.so
................../usr/lib/ld-2.28.so
................./usr/lib/libc-2.28.so
................../usr/lib/ld-2.28.so
................./usr/lib/libpcre.so.1.2.11
................../usr/lib/libpthread-2.28.so
.................../usr/lib/libc-2.28.so
..................../usr/lib/ld-2.28.so
.................../usr/lib/ld-2.28.so
................../usr/lib/libc-2.28.so
.................../usr/lib/ld-2.28.so
................/usr/lib/libfreetype.so.6.17.0
................./usr/lib/libbz2.so.1.0.6
................../usr/lib/libc-2.28.so
.................../usr/lib/ld-2.28.so
................./usr/lib/libpng16.so.16.36.0
................../usr/lib/libz.so.1.2.11
.................../usr/lib/libc-2.28.so
..................../usr/lib/ld-2.28.so
................../usr/lib/libm-2.28.so
.................../usr/lib/libc-2.28.so
..................../usr/lib/ld-2.28.so
.................../usr/lib/ld-2.28.so
................../usr/lib/libc-2.28.so
.................../usr/lib/ld-2.28.so
................./usr/lib/libz.so.1.2.11
................../usr/lib/libc-2.28.so
.................../usr/lib/ld-2.28.so
................./usr/lib/libharfbuzz.so.0.20301.0
................../usr/lib/libm-2.28.so
.................../usr/lib/libc-2.28.so
..................../usr/lib/ld-2.28.so
.................../usr/lib/ld-2.28.so
................../usr/lib/libglib-2.0.so.0.6000.0
.................../usr/lib/libpthread-2.28.so
..................../usr/lib/libc-2.28.so
...................../usr/lib/ld-2.28.so
..................../usr/lib/ld-2.28.so
.................../usr/lib/libc-2.28.so
..................../usr/lib/ld-2.28.so
.................../usr/lib/libpcre.so.1.2.11
..................../usr/lib/libpthread-2.28.so
...................../usr/lib/libc-2.28.so
....................../usr/lib/ld-2.28.so
...................../usr/lib/ld-2.28.so
..................../usr/lib/libc-2.28.so
...................../usr/lib/ld-2.28.so
................../usr/lib/libfreetype.so.6.17.0
.................../usr/lib/libbz2.so.1.0.6
..................../usr/lib/libc-2.28.so
...................../usr/lib/ld-2.28.so
.................../usr/lib/libpng16.so.16.36.0
..................../usr/lib/libz.so.1.2.11
...................../usr/lib/libc-2.28.so
....................../usr/lib/ld-2.28.so
..................../usr/lib/libm-2.28.so
...................../usr/lib/libc-2.28.so
....................../usr/lib/ld-2.28.so
...................../usr/lib/ld-2.28.so
..................../usr/lib/libc-2.28.so
...................../usr/lib/ld-2.28.so
.................../usr/lib/libz.so.1.2.11
..................../usr/lib/libc-2.28.so
...................../usr/lib/ld-2.28.so
.................../usr/lib/libharfbuzz.so.0.20301.0
..................../usr/lib/libm-2.28.so
...................../usr/lib/libc-2.28.so
....................../usr/lib/ld-2.28.so
...................../usr/lib/ld-2.28.so
..................../usr/lib/libglib-2.0.so.0.6000.0
...................../usr/lib/libpthread-2.28.so
....................../usr/lib/libc-2.28.so
......................./usr/lib/ld-2.28.so
....................../usr/lib/ld-2.28.so
...................../usr/lib/libc-2.28.so
....................../usr/lib/ld-2.28.so
...................../usr/lib/libpcre.so.1.2.11
....................../usr/lib/libpthread-2.28.so
......................./usr/lib/libc-2.28.so
......................../usr/lib/ld-2.28.so
......................./usr/lib/ld-2.28.so
....................../usr/lib/libc-2.28.so
......................./usr/lib/ld-2.28.so
..................../usr/lib/libfreetype.so.6.17.0
...................../usr/lib/libbz2.so.1.0.6
....................../usr/lib/libc-2.28.so
......................./usr/lib/ld-2.28.so
...................../usr/lib/libpng16.so.16.36.0
....................../usr/lib/libz.so.1.2.11
......................./usr/lib/libc-2.28.so
......................../usr/lib/ld-2.28.so
....................../usr/lib/libm-2.28.so
......................./usr/lib/libc-2.28.so
......................../usr/lib/ld-2.28.so
......................./usr/lib/ld-2.28.so
....................../usr/lib/libc-2.28.so
......................./usr/lib/ld-2.28.so
...................../usr/lib/libz.so.1.2.11
....................../usr/lib/libc-2.28.so
......................./usr/lib/ld-2.28.so
...................../usr/lib/libharfbuzz.so.0.20301.0
....................../usr/lib/libm-2.28.so
......................./usr/lib/libc-2.28.so
......................../usr/lib/ld-2.28.so
......................./usr/lib/ld-2.28.so
....................../usr/lib/libglib-2.0.so.0.6000.0
......................./usr/lib/libpthread-2.28.so
......................../usr/lib/libc-2.28.so
........................./usr/lib/ld-2.28.so
......................../usr/lib/ld-2.28.so
......................./usr/lib/libc-2.28.so
......................../usr/lib/ld-2.28.so
......................./usr/lib/libpcre.so.1.2.11
......................../usr/lib/libpthread-2.28.so
........................./usr/lib/libc-2.28.so
........................../usr/lib/ld-2.28.so
........................./usr/lib/ld-2.28.so
......................../usr/lib/libc-2.28.so
........................./usr/lib/ld-2.28.so
....................../usr/lib/libfreetype.so.6.17.0
......................./usr/lib/libbz2.so.1.0.6
......................../usr/lib/libc-2.28.so
........................./usr/lib/ld-2.28.so
......................./usr/lib/libpng16.so.16.36.0
......................../usr/lib/libz.so.1.2.11
........................./usr/lib/libc-2.28.so
........................../usr/lib/ld-2.28.so
......................../usr/lib/libm-2.28.so
........................./usr/lib/libc-2.28.so
........................../usr/lib/ld-2.28.so
........................./usr/lib/ld-2.28.so
......................../usr/lib/libc-2.28.so
........................./usr/lib/ld-2.28.so
......................./usr/lib/libz.so.1.2.11
......................../usr/lib/libc-2.28.so
........................./usr/lib/ld-2.28.so
......................./usr/lib/libharfbuzz.so.0.20301.0
......................../usr/lib/libm-2.28.so
........................./usr/lib/libc-2.28.so
........................../usr/lib/ld-2.28.so
........................./usr/lib/ld-2.28.so
......................../usr/lib/libglib-2.0.so.0.6000.0
........................./usr/lib/libpthread-2.28.so
........................../usr/lib/libc-2.28.so
.........................../usr/lib/ld-2.28.so
........................../usr/lib/ld-2.28.so
........................./usr/lib/libc-2.28.so
........................../usr/lib/ld-2.28.so
........................./usr/lib/libpcre.so.1.2.11
........................../usr/lib/libpthread-2.28.so
.........................../usr/lib/libc-2.28.so
............................/usr/lib/ld-2.28.so
.........................../usr/lib/ld-2.28.so
........................../usr/lib/libc-2.28.so
.........................../usr/lib/ld-2.28.so
......................../usr/lib/libfreetype.so.6.17.0
........................./usr/lib/libbz2.so.1.0.6
........................../usr/lib/libc-2.28.so
.........................../usr/lib/ld-2.28.so
........................./usr/lib/libpng16.so.16.36.0
........................../usr/lib/libz.so.1.2.11
.........................../usr/lib/libc-2.28.so
............................/usr/lib/ld-2.28.so
........................../usr/lib/libm-2.28.so
.........................../usr/lib/libc-2.28.so
............................/usr/lib/ld-2.28.so
.........................../usr/lib/ld-2.28.so
........................../usr/lib/libc-2.28.so
.........................../usr/lib/ld-2.28.so
........................./usr/lib/libz.so.1.2.11
........................../usr/lib/libc-2.28.so
.........................../usr/lib/ld-2.28.so
........................./usr/lib/libharfbuzz.so.0.20301.0
........................../usr/lib/libm-2.28.so
.........................../usr/lib/libc-2.28.so
............................/usr/lib/ld-2.28.so
.........................../usr/lib/ld-2.28.so
........................../usr/lib/libglib-2.0.so.0.6000.0
.........................../usr/lib/libpthread-2.28.so
............................/usr/lib/libc-2.28.so
............................./usr/lib/ld-2.28.so
............................/usr/lib/ld-2.28.so
.........................../usr/lib/libc-2.28.so
............................/usr/lib/ld-2.28.so
.........................../usr/lib/libpcre.so.1.2.11
............................/usr/lib/libpthread-2.28.so
............................./usr/lib/libc-2.28.so
............................../usr/lib/ld-2.28.so
............................./usr/lib/ld-2.28.so
............................/usr/lib/libc-2.28.so
............................./usr/lib/ld-2.28.so
........................../usr/lib/libfreetype.so.6.17.0
.........................../usr/lib/libbz2.so.1.0.6
............................/usr/lib/libc-2.28.so
............................./usr/lib/ld-2.28.so
.........................../usr/lib/libpng16.so.16.36.0
............................/usr/lib/libz.so.1.2.11
............................./usr/lib/libc-2.28.so
............................../usr/lib/ld-2.28.so
............................/usr/lib/libm-2.28.so
............................./usr/lib/libc-2.28.so
............................../usr/lib/ld-2.28.so
............................./usr/lib/ld-2.28.so
............................/usr/lib/libc-2.28.so
............................./usr/lib/ld-2.28.so
.........................../usr/lib/libz.so.1.2.11
............................/usr/lib/libc-2.28.so
............................./usr/lib/ld-2.28.so
.........................../usr/lib/libharfbuzz.so.0.20301.0
............................/usr/lib/libm-2.28.so
............................./usr/lib/libc-2.28.so
............................../usr/lib/ld-2.28.so
............................./usr/lib/ld-2.28.so
............................/usr/lib/libglib-2.0.so.0.6000.0
............................./usr/lib/libpthread-2.28.so
............................../usr/lib/libc-2.28.so
.............................../usr/lib/ld-2.28.so
............................../usr/lib/ld-2.28.so
............................./usr/lib/libc-2.28.so
............................../usr/lib/ld-2.28.so
............................./usr/lib/libpcre.so.1.2.11
............................../usr/lib/libpthread-2.28.so
.............................../usr/lib/libc-2.28.so
................................/usr/lib/ld-2.28.so
.............................../usr/lib/ld-2.28.so
............................../usr/lib/libc-2.28.so
.............................../usr/lib/ld-2.28.so
............................/usr/lib/libfreetype.so.6.17.0
............................./usr/lib/libbz2.so.1.0.6
............................../usr/lib/libc-2.28.so
.............................../usr/lib/ld-2.28.so
............................./usr/lib/libpng16.so.16.36.0
............................../usr/lib/libz.so.1.2.11
.............................../usr/lib/libc-2.28.so
................................/usr/lib/ld-2.28.so
............................../usr/lib/libm-2.28.so
.............................../usr/lib/libc-2.28.so
................................/usr/lib/ld-2.28.so
.............................../usr/lib/ld-2.28.so
............................../usr/lib/libc-2.28.so
.............................../usr/lib/ld-2.28.so
............................./usr/lib/libz.so.1.2.11
............................../usr/lib/libc-2.28.so
.............................../usr/lib/ld-2.28.so
............................./usr/lib/libharfbuzz.so.0.20301.0
............................../usr/lib/libm-2.28.so
.............................../usr/lib/libc-2.28.so
................................/usr/lib/ld-2.28.so
.............................../usr/lib/ld-2.28.so
............................../usr/lib/libglib-2.0.so.0.6000.0
.............................../usr/lib/libpthread-2.28.so
................................/usr/lib/libc-2.28.so
................................./usr/lib/ld-2.28.so
................................/usr/lib/ld-2.28.so
.............................../usr/lib/libc-2.28.so
................................/usr/lib/ld-2.28.so
.............................../usr/lib/libpcre.so.1.2.11
................................/usr/lib/libpthread-2.28.so
................................./usr/lib/libc-2.28.so
................................../usr/lib/ld-2.28.so
................................./usr/lib/ld-2.28.so
................................/usr/lib/libc-2.28.so
................................./usr/lib/ld-2.28.so
............................../usr/lib/libfreetype.so.6.17.0
.............................../usr/lib/libbz2.so.1.0.6
................................/usr/lib/libc-2.28.so
................................./usr/lib/ld-2.28.so
.............................../usr/lib/libpng16.so.16.36.0
................................/usr/lib/libz.so.1.2.11
................................./usr/lib/libc-2.28.so
................................../usr/lib/ld-2.28.so
................................/usr/lib/libm-2.28.so
................................./usr/lib/libc-2.28.so
................................../usr/lib/ld-2.28.so
................................./usr/lib/ld-2.28.so
................................/usr/lib/libc-2.28.so
................................./usr/lib/ld-2.28.so
.............................../usr/lib/libz.so.1.2.11
................................/usr/lib/libc-2.28.so
................................./usr/lib/ld-2.28.so
.............................../usr/lib/libharfbuzz.so.0.20301.0
................................/usr/lib/libm-2.28.so
................................./usr/lib/libc-2.28.so
................................../usr/lib/ld-2.28.so
................................./usr/lib/ld-2.28.so
................................/usr/lib/libglib-2.0.so.0.6000.0
................................./usr/lib/libpthread-2.28.so
................................../usr/lib/libc-2.28.so
.................................../usr/lib/ld-2.28.so
................................../usr/lib/ld-2.28.so
................................./usr/lib/libc-2.28.so
................................../usr/lib/ld-2.28.so
................................./usr/lib/libpcre.so.1.2.11
................................../usr/lib/libpthread-2.28.so
.................................../usr/lib/libc-2.28.so
..................................../usr/lib/ld-2.28.so
.................................../usr/lib/ld-2.28.so
................................../usr/lib/libc-2.28.so
.................................../usr/lib/ld-2.28.so
................................/usr/lib/libfreetype.so.6.17.0
................................./usr/lib/libbz2.so.1.0.6
................................../usr/lib/libc-2.28.so
.................................../usr/lib/ld-2.28.so
................................./usr/lib/libpng16.so.16.36.0
................................../usr/lib/libz.so.1.2.11
.................................../usr/lib/libc-2.28.so
..................................../usr/lib/ld-2.28.so
................................../usr/lib/libm-2.28.so
.................................../usr/lib/libc-2.28.so
..................................../usr/lib/ld-2.28.so
.................................../usr/lib/ld-2.28.so
................................../usr/lib/libc-2.28.so
.................................../usr/lib/ld-2.28.so
................................./usr/lib/libz.so.1.2.11
................................../usr/lib/libc-2.28.so
.................................../usr/lib/ld-2.28.so
................................./usr/lib/libharfbuzz.so.0.20301.0
................................../usr/lib/libm-2.28.so
.................................../usr/lib/libc-2.28.so
..................................../usr/lib/ld-2.28.so
.................................../usr/lib/ld-2.28.so
................................../usr/lib/libglib-2.0.so.0.6000.0
.................................../usr/lib/libpthread-2.28.so
..................................../usr/lib/libc-2.28.so
...................................../usr/lib/ld-2.28.so
..................................../usr/lib/ld-2.28.so
.................................../usr/lib/libc-2.28.so
..................................../usr/lib/ld-2.28.so
.................................../usr/lib/libpcre.so.1.2.11
..................................../usr/lib/libpthread-2.28.so
...................................../usr/lib/libc-2.28.so
....................................../usr/lib/ld-2.28.so
...................................../usr/lib/ld-2.28.so
..................................../usr/lib/libc-2.28.so
...................................../usr/lib/ld-2.28.so
................................../usr/lib/libfreetype.so.6.17.0
.................................../usr/lib/libbz2.so.1.0.6
..................................../usr/lib/libc-2.28.so
...................................../usr/lib/ld-2.28.so
.................................../usr/lib/libpng16.so.16.36.0
..................................../usr/lib/libz.so.1.2.11
...................................../usr/lib/libc-2.28.so
....................................../usr/lib/ld-2.28.so
..................................../usr/lib/libm-2.28.so
...................................../usr/lib/libc-2.28.so
....................................../usr/lib/ld-2.28.so
...................................../usr/lib/ld-2.28.so
..................................../usr/lib/libc-2.28.so
...................................../usr/lib/ld-2.28.so
.................................../usr/lib/libz.so.1.2.11
..................................../usr/lib/libc-2.28.so
...................................../usr/lib/ld-2.28.so
.................................../usr/lib/libharfbuzz.so.0.20301.0
..................................../usr/lib/libm-2.28.so
...................................../usr/lib/libc-2.28.so
....................................../usr/lib/ld-2.28.so
...................................../usr/lib/ld-2.28.so
..................................../usr/lib/libglib-2.0.so.0.6000.0
...................................../usr/lib/libpthread-2.28.so
....................................../usr/lib/libc-2.28.so
......................................./usr/lib/ld-2.28.so
....................................../usr/lib/ld-2.28.so
...................................../usr/lib/libc-2.28.so
....................................../usr/lib/ld-2.28.so
...................................../usr/lib/libpcre.so.1.2.11
....................................../usr/lib/libpthread-2.28.so
......................................./usr/lib/libc-2.28.so
......................................../usr/lib/ld-2.28.so
......................................./usr/lib/ld-2.28.so
....................................../usr/lib/libc-2.28.so
......................................./usr/lib/ld-2.28.so
..................................../usr/lib/libfreetype.so.6.17.0
...................................../usr/lib/libbz2.so.1.0.6
....................................../usr/lib/libc-2.28.so
......................................./usr/lib/ld-2.28.so
...................................../usr/lib/libpng16.so.16.36.0
....................................../usr/lib/libz.so.1.2.11
......................................./usr/lib/libc-2.28.so
......................................../usr/lib/ld-2.28.so
....................................../usr/lib/libm-2.28.so
......................................./usr/lib/libc-2.28.so
......................................../usr/lib/ld-2.28.so
......................................./usr/lib/ld-2.28.so
....................................../usr/lib/libc-2.28.so
......................................./usr/lib/ld-2.28.so
...................................../usr/lib/libz.so.1.2.11
....................................../usr/lib/libc-2.28.so
......................................./usr/lib/ld-2.28.so
...................................../usr/lib/libharfbuzz.so.0.20301.0
....................................../usr/lib/libm-2.28.so
......................................./usr/lib/libc-2.28.so
......................................../usr/lib/ld-2.28.so
......................................./usr/lib/ld-2.28.so
....................................../usr/lib/libglib-2.0.so.0.6000.0
......................................./usr/lib/libpthread-2.28.so
......................................../usr/lib/libc-2.28.so
........................................./usr/lib/ld-2.28.so
......................................../usr/lib/ld-2.28.so
......................................./usr/lib/libc-2.28.so
......................................../usr/lib/ld-2.28.so
......................................./usr/lib/libpcre.so.1.2.11
......................................../usr/lib/libpthread-2.28.so
........................................./usr/lib/libc-2.28.so
........................................../usr/lib/ld-2.28.so
........................................./usr/lib/ld-2.28.so
......................................../usr/lib/libc-2.28.so
........................................./usr/lib/ld-2.28.so
....................................../usr/lib/libfreetype.so.6.17.0
......................................./usr/lib/libbz2.so.1.0.6
......................................../usr/lib/libc-2.28.so
........................................./usr/lib/ld-2.28.so
......................................./usr/lib/libpng16.so.16.36.0
......................................../usr/lib/libz.so.1.2.11
........................................./usr/lib/libc-2.28.so
........................................../usr/lib/ld-2.28.so
......................................../usr/lib/libm-2.28.so
........................................./usr/lib/libc-2.28.so
........................................../usr/lib/ld-2.28.so
........................................./usr/lib/ld-2.28.so
......................................../usr/lib/libc-2.28.so
........................................./usr/lib/ld-2.28.so
......................................./usr/lib/libz.so.1.2.11
......................................../usr/lib/libc-2.28.so
........................................./usr/lib/ld-2.28.so
......................................./usr/lib/libharfbuzz.so.0.20301.0
......................................../usr/lib/libm-2.28.so
........................................./usr/lib/libc-2.28.so
........................................../usr/lib/ld-2.28.so
........................................./usr/lib/ld-2.28.so
......................................../usr/lib/libglib-2.0.so.0.6000.0
........................................./usr/lib/libpthread-2.28.so
........................................../usr/lib/libc-2.28.so
.........................................../usr/lib/ld-2.28.so
........................................../usr/lib/ld-2.28.so
........................................./usr/lib/libc-2.28.so
........................................../usr/lib/ld-2.28.so
........................................./usr/lib/libpcre.so.1.2.11
........................................../usr/lib/libpthread-2.28.so
.........................................../usr/lib/libc-2.28.so
............................................/usr/lib/ld-2.28.so
.........................................../usr/lib/ld-2.28.so
........................................../usr/lib/libc-2.28.so
.........................................../usr/lib/ld-2.28.so
......................................../usr/lib/libfreetype.so.6.17.0
........................................./usr/lib/libbz2.so.1.0.6
........................................../usr/lib/libc-2.28.so
.........................................../usr/lib/ld-2.28.so
........................................./usr/lib/libpng16.so.16.36.0
........................................../usr/lib/libz.so.1.2.11
.........................................../usr/lib/libc-2.28.so
............................................/usr/lib/ld-2.28.so
........................................../usr/lib/libm-2.28.so
.........................................../usr/lib/libc-2.28.so
............................................/usr/lib/ld-2.28.so
.........................................../usr/lib/ld-2.28.so
........................................../usr/lib/libc-2.28.so
.........................................../usr/lib/ld-2.28.so
........................................./usr/lib/libz.so.1.2.11
........................................../usr/lib/libc-2.28.so
.........................................../usr/lib/ld-2.28.so
........................................./usr/lib/libharfbuzz.so.0.20301.0
........................................../usr/lib/libm-2.28.so
.........................................../usr/lib/libc-2.28.so
............................................/usr/lib/ld-2.28.so
.........................................../usr/lib/ld-2.28.so
........................................../usr/lib/libglib-2.0.so.0.6000.0
.........................................../usr/lib/libpthread-2.28.so
............................................/usr/lib/libc-2.28.so
............................................./usr/lib/ld-2.28.so
............................................/usr/lib/ld-2.28.so
.........................................../usr/lib/libc-2.28.so
............................................/usr/lib/ld-2.28.so
.........................................../usr/lib/libpcre.so.1.2.11
............................................/usr/lib/libpthread-2.28.so
............................................./usr/lib/libc-2.28.so
............................................../usr/lib/ld-2.28.so
............................................./usr/lib/ld-2.28.so
............................................/usr/lib/libc-2.28.so
............................................./usr/lib/ld-2.28.so
........................................../usr/lib/libfreetype.so.6.17.0
.........................................../usr/lib/libbz2.so.1.0.6
............................................/usr/lib/libc-2.28.so
............................................./usr/lib/ld-2.28.so
.........................................../usr/lib/libpng16.so.16.36.0
............................................/usr/lib/libz.so.1.2.11
............................................./usr/lib/libc-2.28.so
............................................../usr/lib/ld-2.28.so
............................................/usr/lib/libm-2.28.so
............................................./usr/lib/libc-2.28.so
............................................../usr/lib/ld-2.28.so
............................................./usr/lib/ld-2.28.so
............................................/usr/lib/libc-2.28.so
............................................./usr/lib/ld-2.28.so
.........................................../usr/lib/libz.so.1.2.11
............................................/usr/lib/libc-2.28.so
............................................./usr/lib/ld-2.28.so
.........................................../usr/lib/libharfbuzz.so.0.20301.0
............................................/usr/lib/libm-2.28.so
............................................./usr/lib/libc-2.28.so
............................................../usr/lib/ld-2.28.so
............................................./usr/lib/ld-2.28.so
............................................/usr/lib/libglib-2.0.so.0.6000.0
............................................./usr/lib/libpthread-2.28.so
............................................../usr/lib/libc-2.28.so
.............................................../usr/lib/ld-2.28.so
............................................../usr/lib/ld-2.28.so
............................................./usr/lib/libc-2.28.so
............................................../usr/lib/ld-2.28.so
............................................./usr/lib/libpcre.so.1.2.11
............................................../usr/lib/libpthread-2.28.so
.............................................../usr/lib/libc-2.28.so
................................................/usr/lib/ld-2.28.so
.............................................../usr/lib/ld-2.28.so
............................................../usr/lib/libc-2.28.so
.............................................../usr/lib/ld-2.28.so
............................................/usr/lib/libfreetype.so.6.17.0
............................................./usr/lib/libbz2.so.1.0.6
............................................../usr/lib/libc-2.28.so
.............................................../usr/lib/ld-2.28.so
............................................./usr/lib/libpng16.so.16.36.0
............................................../usr/lib/libz.so.1.2.11
.............................................../usr/lib/libc-2.28.so
................................................/usr/lib/ld-2.28.so
............................................../usr/lib/libm-2.28.so
.............................................../usr/lib/libc-2.28.so
................................................/usr/lib/ld-2.28.so
.............................................../usr/lib/ld-2.28.so
............................................../usr/lib/libc-2.28.so
.............................................../usr/lib/ld-2.28.so
............................................./usr/lib/libz.so.1.2.11
............................................../usr/lib/libc-2.28.so
.............................................../usr/lib/ld-2.28.so
............................................./usr/lib/libharfbuzz.so.0.20301.0
............................................../usr/lib/libm-2.28.so
.............................................../usr/lib/libc-2.28.so
................................................/usr/lib/ld-2.28.so
.............................................../usr/lib/ld-2.28.so
............................................../usr/lib/libglib-2.0.so.0.6000.0
.............................................../usr/lib/libpthread-2.28.so
................................................/usr/lib/libc-2.28.so
................................................./usr/lib/ld-2.28.so
................................................/usr/lib/ld-2.28.so
.............................................../usr/lib/libc-2.28.so
................................................/usr/lib/ld-2.28.so
.............................................../usr/lib/libpcre.so.1.2.11
................................................/usr/lib/libpthread-2.28.so
................................................./usr/lib/libc-2.28.so
................................................../usr/lib/ld-2.28.so
................................................./usr/lib/ld-2.28.so
................................................/usr/lib/libc-2.28.so
................................................./usr/lib/ld-2.28.so
............................................../usr/lib/libfreetype.so.6.17.0
.............................................../usr/lib/libbz2.so.1.0.6
................................................/usr/lib/libc-2.28.so
................................................./usr/lib/ld-2.28.so
.............................................../usr/lib/libpng16.so.16.36.0
................................................/usr/lib/libz.so.1.2.11
................................................./usr/lib/libc-2.28.so
................................................../usr/lib/ld-2.28.so
................................................/usr/lib/libm-2.28.so
................................................./usr/lib/libc-2.28.so
................................................../usr/lib/ld-2.28.so
................................................./usr/lib/ld-2.28.so
................................................/usr/lib/libc-2.28.so
................................................./usr/lib/ld-2.28.so
.............................................../usr/lib/libz.so.1.2.11
................................................/usr/lib/libc-2.28.so
................................................./usr/lib/ld-2.28.so
.............................................../usr/lib/libharfbuzz.so.0.20301.0
................................................/usr/lib/libm-2.28.so
................................................./usr/lib/libc-2.28.so
................................................../usr/lib/ld-2.28.so
................................................./usr/lib/ld-2.28.so
................................................/usr/lib/libglib-2.0.so.0.6000.0
................................................./usr/lib/libpthread-2.28.so
................................................../usr/lib/libc-2.28.so
.................................................../usr/lib/ld-2.28.so
................................................../usr/lib/ld-2.28.so
................................................./usr/lib/libc-2.28.so
................................................../usr/lib/ld-2.28.so
................................................./usr/lib/libpcre.so.1.2.11
................................................../usr/lib/libpthread-2.28.so
.................................................../usr/lib/libc-2.28.so
..................................................../usr/lib/ld-2.28.so
.................................................../usr/lib/ld-2.28.so
................................................../usr/lib/libc-2.28.so
.................................................../usr/lib/ld-2.28.so
................................................/usr/lib/libfreetype.so.6.17.0
................................................./usr/lib/libbz2.so.1.0.6
................................................../usr/lib/libc-2.28.so
.................................................../usr/lib/ld-2.28.so
................................................./usr/lib/libpng16.so.16.36.0
................................................../usr/lib/libz.so.1.2.11
.................................................../usr/lib/libc-2.28.so
..................................................../usr/lib/ld-2.28.so
................................................../usr/lib/libm-2.28.so
.................................................../usr/lib/libc-2.28.so
..................................................../usr/lib/ld-2.28.so
.................................................../usr/lib/ld-2.28.so
................................................../usr/lib/libc-2.28.so
.................................................../usr/lib/ld-2.28.so
................................................./usr/lib/libz.so.1.2.11
................................................../usr/lib/libc-2.28.so
.................................................../usr/lib/ld-2.28.so
................................................./usr/lib/libharfbuzz.so.0.20301.0
................................................../usr/lib/libm-2.28.so
.................................................../usr/lib/libc-2.28.so
..................................................../usr/lib/ld-2.28.so
.................................................../usr/lib/ld-2.28.so
................................................../usr/lib/libglib-2.0.so.0.6000.0
.................................................../usr/lib/libpthread-2.28.so
..................................................../usr/lib/libc-2.28.so
...................................................../usr/lib/ld-2.28.so
..................................................../usr/lib/ld-2.28.so
.................................................../usr/lib/libc-2.28.so
..................................................../usr/lib/ld-2.28.so
.................................................../usr/lib/libpcre.so.1.2.11
..................................................../usr/lib/libpthread-2.28.so
...................................................../usr/lib/libc-2.28.so
....................................................../usr/lib/ld-2.28.so
...................................................../usr/lib/ld-2.28.so
..................................................../usr/lib/libc-2.28.so
...................................................../usr/lib/ld-2.28.so
................................................../usr/lib/libfreetype.so.6.17.0
.................................................../usr/lib/libbz2.so.1.0.6
..................................................../usr/lib/libc-2.28.so
...................................................../usr/lib/ld-2.28.so
.................................................../usr/lib/libpng16.so.16.36.0
..................................................../usr/lib/libz.so.1.2.11
...................................................../usr/lib/libc-2.28.so
....................................................../usr/lib/ld-2.28.so
..................................................../usr/lib/libm-2.28.so
...................................................../usr/lib/libc-2.28.so
....................................................../usr/lib/ld-2.28.so
...................................................../usr/lib/ld-2.28.so
..................................................../usr/lib/libc-2.28.so
...................................................../usr/lib/ld-2.28.so
.................................................../usr/lib/libz.so.1.2.11
..................................................../usr/lib/libc-2.28.so
...................................................../usr/lib/ld-2.28.so
.................................................../usr/lib/libharfbuzz.so.0.20301.0
..................................................../usr/lib/libm-2.28.so
...................................................../usr/lib/libc-2.28.so
....................................................../usr/lib/ld-2.28.so
...................................................../usr/lib/ld-2.28.so
..................................................../usr/lib/libglib-2.0.so.0.6000.0
...................................................../usr/lib/libpthread-2.28.so
....................................................../usr/lib/libc-2.28.so
......................................................./usr/lib/ld-2.28.so
....................................................../usr/lib/ld-2.28.so
...................................................../usr/lib/libc-2.28.so
....................................................../usr/lib/ld-2.28.so
...................................................../usr/lib/libpcre.so.1.2.11
....................................................../usr/lib/libpthread-2.28.so
......................................................./usr/lib/libc-2.28.so
......................................................../usr/lib/ld-2.28.so
